<?xml version="1.0" encoding="UTF-8"?>
<testsuite name="com.global.commtech.test.anagramfinder.AnagramCommandLineRunnerIntegrationTest" tests="1" skipped="0" failures="0" errors="0" timestamp="2025-05-22T06:17:53" hostname="MacBook-Pro-de-Jesus.local" time="0.119">
  <properties/>
  <testcase name="shouldFindAnagrams(CapturedOutput)" classname="com.global.commtech.test.anagramfinder.AnagramCommandLineRunnerIntegrationTest" time="0.119"/>
  <system-out><![CDATA[08:17:48.520 [Test worker] DEBUG org.springframework.test.context.BootstrapUtils - Instantiating CacheAwareContextLoaderDelegate from class [org.springframework.test.context.cache.DefaultCacheAwareContextLoaderDelegate]
08:17:48.523 [Test worker] DEBUG org.springframework.test.context.BootstrapUtils - Instantiating BootstrapContext using constructor [public org.springframework.test.context.support.DefaultBootstrapContext(java.lang.Class,org.springframework.test.context.CacheAwareContextLoaderDelegate)]
08:17:48.532 [Test worker] DEBUG org.springframework.test.context.BootstrapUtils - Instantiating TestContextBootstrapper for test class [com.global.commtech.test.anagramfinder.AnagramCommandLineRunnerIntegrationTest] from class [org.springframework.boot.test.context.SpringBootTestContextBootstrapper]
08:17:48.534 [Test worker] INFO org.springframework.boot.test.context.SpringBootTestContextBootstrapper - Neither @ContextConfiguration nor @ContextHierarchy found for test class [com.global.commtech.test.anagramfinder.AnagramCommandLineRunnerIntegrationTest], using SpringBootContextLoader
08:17:48.535 [Test worker] DEBUG org.springframework.test.context.support.AbstractContextLoader - Did not detect default resource location for test class [com.global.commtech.test.anagramfinder.AnagramCommandLineRunnerIntegrationTest]: class path resource [com/global/commtech/test/anagramfinder/AnagramCommandLineRunnerIntegrationTest-context.xml] does not exist
08:17:48.536 [Test worker] DEBUG org.springframework.test.context.support.AbstractContextLoader - Did not detect default resource location for test class [com.global.commtech.test.anagramfinder.AnagramCommandLineRunnerIntegrationTest]: class path resource [com/global/commtech/test/anagramfinder/AnagramCommandLineRunnerIntegrationTestContext.groovy] does not exist
08:17:48.536 [Test worker] INFO org.springframework.test.context.support.AbstractContextLoader - Could not detect default resource locations for test class [com.global.commtech.test.anagramfinder.AnagramCommandLineRunnerIntegrationTest]: no resource found for suffixes {-context.xml, Context.groovy}.
08:17:48.536 [Test worker] INFO org.springframework.test.context.support.AnnotationConfigContextLoaderUtils - Could not detect default configuration classes for test class [com.global.commtech.test.anagramfinder.AnagramCommandLineRunnerIntegrationTest]: AnagramCommandLineRunnerIntegrationTest does not declare any static, non-private, non-final, nested classes annotated with @Configuration.
08:17:48.546 [Test worker] DEBUG org.springframework.test.context.support.ActiveProfilesUtils - Could not find an 'annotation declaring class' for annotation type [org.springframework.test.context.ActiveProfiles] and class [com.global.commtech.test.anagramfinder.AnagramCommandLineRunnerIntegrationTest]
08:17:48.561 [Test worker] DEBUG org.springframework.context.annotation.ClassPathScanningCandidateComponentProvider - Identified candidate component class: file [/Users/jesusalonso/Programs/project-katas/commercial-trading-java-techtest-main/build/classes/java/main/com/global/commtech/test/anagramfinder/AnagramFinderApplication.class]
08:17:48.562 [Test worker] INFO org.springframework.boot.test.context.SpringBootTestContextBootstrapper - Found @SpringBootConfiguration com.global.commtech.test.anagramfinder.AnagramFinderApplication for test class com.global.commtech.test.anagramfinder.AnagramCommandLineRunnerIntegrationTest
08:17:48.583 [Test worker] DEBUG org.springframework.boot.test.context.SpringBootTestContextBootstrapper - @TestExecutionListeners is not present for class [com.global.commtech.test.anagramfinder.AnagramCommandLineRunnerIntegrationTest]: using defaults.
08:17:48.584 [Test worker] INFO org.springframework.boot.test.context.SpringBootTestContextBootstrapper - Loaded default TestExecutionListener class names from location [META-INF/spring.factories]: [org.springframework.boot.test.autoconfigure.restdocs.RestDocsTestExecutionListener, org.springframework.boot.test.autoconfigure.web.client.MockRestServiceServerResetTestExecutionListener, org.springframework.boot.test.autoconfigure.web.servlet.MockMvcPrintOnlyOnFailureTestExecutionListener, org.springframework.boot.test.autoconfigure.web.servlet.WebDriverTestExecutionListener, org.springframework.boot.test.autoconfigure.webservices.client.MockWebServiceServerTestExecutionListener, org.springframework.boot.test.mock.mockito.MockitoTestExecutionListener, org.springframework.boot.test.mock.mockito.ResetMocksTestExecutionListener, org.springframework.test.context.web.ServletTestExecutionListener, org.springframework.test.context.support.DirtiesContextBeforeModesTestExecutionListener, org.springframework.test.context.event.ApplicationEventsTestExecutionListener, org.springframework.test.context.support.DependencyInjectionTestExecutionListener, org.springframework.test.context.support.DirtiesContextTestExecutionListener, org.springframework.test.context.transaction.TransactionalTestExecutionListener, org.springframework.test.context.jdbc.SqlScriptsTestExecutionListener, org.springframework.test.context.event.EventPublishingTestExecutionListener]
08:17:48.586 [Test worker] DEBUG org.springframework.boot.test.context.SpringBootTestContextBootstrapper - Skipping candidate TestExecutionListener [org.springframework.test.context.web.ServletTestExecutionListener] due to a missing dependency. Specify custom listener classes or make the default listener classes and their required dependencies available. Offending class: [javax/servlet/ServletContext]
08:17:48.586 [Test worker] DEBUG org.springframework.boot.test.context.SpringBootTestContextBootstrapper - Skipping candidate TestExecutionListener [org.springframework.test.context.transaction.TransactionalTestExecutionListener] due to a missing dependency. Specify custom listener classes or make the default listener classes and their required dependencies available. Offending class: [org/springframework/transaction/interceptor/TransactionAttributeSource]
08:17:48.586 [Test worker] DEBUG org.springframework.boot.test.context.SpringBootTestContextBootstrapper - Skipping candidate TestExecutionListener [org.springframework.test.context.jdbc.SqlScriptsTestExecutionListener] due to a missing dependency. Specify custom listener classes or make the default listener classes and their required dependencies available. Offending class: [org/springframework/transaction/interceptor/TransactionAttribute]
08:17:48.586 [Test worker] INFO org.springframework.boot.test.context.SpringBootTestContextBootstrapper - Using TestExecutionListeners: [org.springframework.test.context.support.DirtiesContextBeforeModesTestExecutionListener@788fcafb, org.springframework.test.context.event.ApplicationEventsTestExecutionListener@4febb875, org.springframework.boot.test.mock.mockito.MockitoTestExecutionListener@25e2a451, org.springframework.boot.test.autoconfigure.SpringBootDependencyInjectionTestExecutionListener@1698ee84, org.springframework.test.context.support.DirtiesContextTestExecutionListener@10c626be, org.springframework.test.context.event.EventPublishingTestExecutionListener@2fc0cc3, org.springframework.boot.test.autoconfigure.restdocs.RestDocsTestExecutionListener@328cf0e1, org.springframework.boot.test.autoconfigure.web.client.MockRestServiceServerResetTestExecutionListener@63b1d4fa, org.springframework.boot.test.autoconfigure.web.servlet.MockMvcPrintOnlyOnFailureTestExecutionListener@42e3ede4, org.springframework.boot.test.autoconfigure.web.servlet.WebDriverTestExecutionListener@201b6b6f, org.springframework.boot.test.autoconfigure.webservices.client.MockWebServiceServerTestExecutionListener@75459c75, org.springframework.boot.test.mock.mockito.ResetMocksTestExecutionListener@183e8023]
08:17:48.587 [Test worker] DEBUG org.springframework.test.context.support.AbstractDirtiesContextTestExecutionListener - Before test class: context [DefaultTestContext@72cf2de5 testClass = AnagramCommandLineRunnerIntegrationTest, testInstance = [null], testMethod = [null], testException = [null], mergedContextConfiguration = [MergedContextConfiguration@2bb7bd00 testClass = AnagramCommandLineRunnerIntegrationTest, locations = '{}', classes = '{class com.global.commtech.test.anagramfinder.AnagramFinderApplication}', contextInitializerClasses = '[]', activeProfiles = '{}', propertySourceLocations = '{}', propertySourceProperties = '{org.springframework.boot.test.context.SpringBootTestContextBootstrapper=true}', contextCustomizers = set[org.springframework.boot.test.autoconfigure.actuate.metrics.MetricsExportContextCustomizerFactory$DisableMetricExportContextCustomizer@1115ec15, org.springframework.boot.test.autoconfigure.properties.PropertyMappingContextCustomizer@0, org.springframework.boot.test.autoconfigure.web.servlet.WebDriverContextCustomizerFactory$Customizer@457c9034, org.springframework.boot.test.context.filter.ExcludeFilterContextCustomizer@51549490, org.springframework.boot.test.json.DuplicateJsonObjectContextCustomizerFactory$DuplicateJsonObjectContextCustomizer@7daa0fbd, org.springframework.boot.test.mock.mockito.MockitoContextCustomizer@0, org.springframework.boot.test.web.client.TestRestTemplateContextCustomizer@1f53a5dc, org.springframework.boot.test.context.SpringBootTestArgs@8b34b844, org.springframework.boot.test.context.SpringBootTestWebEnvironment@d35dea7], contextLoader = 'org.springframework.boot.test.context.SpringBootContextLoader', parent = [null]], attributes = map[[empty]]], class annotated with @DirtiesContext [false] with mode [null].
08:17:48.591 [Test worker] DEBUG org.springframework.test.context.support.DependencyInjectionTestExecutionListener - Performing dependency injection for test context [[DefaultTestContext@72cf2de5 testClass = AnagramCommandLineRunnerIntegrationTest, testInstance = com.global.commtech.test.anagramfinder.AnagramCommandLineRunnerIntegrationTest@3f053c80, testMethod = [null], testException = [null], mergedContextConfiguration = [MergedContextConfiguration@2bb7bd00 testClass = AnagramCommandLineRunnerIntegrationTest, locations = '{}', classes = '{class com.global.commtech.test.anagramfinder.AnagramFinderApplication}', contextInitializerClasses = '[]', activeProfiles = '{}', propertySourceLocations = '{}', propertySourceProperties = '{org.springframework.boot.test.context.SpringBootTestContextBootstrapper=true}', contextCustomizers = set[org.springframework.boot.test.autoconfigure.actuate.metrics.MetricsExportContextCustomizerFactory$DisableMetricExportContextCustomizer@1115ec15, org.springframework.boot.test.autoconfigure.properties.PropertyMappingContextCustomizer@0, org.springframework.boot.test.autoconfigure.web.servlet.WebDriverContextCustomizerFactory$Customizer@457c9034, org.springframework.boot.test.context.filter.ExcludeFilterContextCustomizer@51549490, org.springframework.boot.test.json.DuplicateJsonObjectContextCustomizerFactory$DuplicateJsonObjectContextCustomizer@7daa0fbd, org.springframework.boot.test.mock.mockito.MockitoContextCustomizer@0, org.springframework.boot.test.web.client.TestRestTemplateContextCustomizer@1f53a5dc, org.springframework.boot.test.context.SpringBootTestArgs@8b34b844, org.springframework.boot.test.context.SpringBootTestWebEnvironment@d35dea7], contextLoader = 'org.springframework.boot.test.context.SpringBootContextLoader', parent = [null]], attributes = map['org.springframework.test.context.event.ApplicationEventsTestExecutionListener.recordApplicationEvents' -> false]]].

  .   ____          _            __ _ _
 /\\ / ___'_ __ _ _(_)_ __  __ _ \ \ \ \
( ( )\___ | '_ | '_| | '_ \/ _` | \ \ \ \
 \\/  ___)| |_)| | | | | || (_| |  ) ) ) )
  '  |____| .__|_| |_|_| |_\__, | / / / /
 =========|_|==============|___/=/_/_/_/
 :: Spring Boot ::                (v2.7.4)

2025-05-22 08:17:53.687  INFO 1404 --- [    Test worker] .AnagramCommandLineRunnerIntegrationTest : Starting AnagramCommandLineRunnerIntegrationTest using Java 17.0.15 on MacBook-Pro-de-Jesus.local with PID 1404 (started by jesusalonso in /Users/jesusalonso/Programs/project-katas/commercial-trading-java-techtest-main)
2025-05-22 08:17:53.687  INFO 1404 --- [    Test worker] .AnagramCommandLineRunnerIntegrationTest : No active profile set, falling back to 1 default profile: "default"
2025-05-22 08:17:53.814  INFO 1404 --- [    Test worker] .AnagramCommandLineRunnerIntegrationTest : Started AnagramCommandLineRunnerIntegrationTest in 5.217 seconds (JVM running for 5.51)
abc,bac,cba
hello
fun,fun,unf
]]></system-out>
  <system-err><![CDATA[]]></system-err>
</testsuite>
