<?xml version="1.0" encoding="UTF-8"?>
<testsuite name="com.global.commtech.test.anagramfinder.AnagramRepositoryTest" tests="4" skipped="0" failures="0" errors="0" timestamp="2025-05-22T06:17:53" hostname="MacBook-Pro-de-Jesus.local" time="0.03">
  <properties/>
  <testcase name="it_should_not_return_null_listing_words()" classname="com.global.commtech.test.anagramfinder.AnagramRepositoryTest" time="0.027"/>
  <testcase name="it_should_save_another_anagram_in_other_anagram_list()" classname="com.global.commtech.test.anagramfinder.AnagramRepositoryTest" time="0.002"/>
  <testcase name="it_should_save_an_anagram_when_it_is_not_saved()" classname="com.global.commtech.test.anagramfinder.AnagramRepositoryTest" time="0.0"/>
  <testcase name="it_should_save_an_anagram_in_the_same_anagram_list()" classname="com.global.commtech.test.anagramfinder.AnagramRepositoryTest" time="0.0"/>
  <system-out><![CDATA[]]></system-out>
  <system-err><![CDATA[]]></system-err>
</testsuite>
